<?xml version="1.0" encoding="UTF-8"?>
<!-- Generated by org.testng.reporters.JUnitReportReporter -->
<testsuite skipped="0" hostname="Agadia-04" name="com.InheritanceInTestNG.InheritanceConcept0" tests="1" failures="0" timestamp="22 Sep 2018 04:13:16 GMT" time="0.032" errors="0">
  <testcase name="superTestNGMethod" time="0.032" classname="com.InheritanceInTestNG.InheritanceConcept0"/>
</testsuite> <!-- com.InheritanceInTestNG.InheritanceConcept0 -->
