<?xml version="1.0" encoding="UTF-8"?>
<!-- Generated by org.testng.reporters.JUnitReportReporter -->
<testsuite skipped="0" hostname="Agadia-04" name="com.GroupngsInTestNG.TestNGxmlForMethodsBelongtoMultipleGroupNames" tests="1" failures="0" timestamp="30 Sep 2018 18:04:48 GMT" time="0.036" errors="0">
  <testcase name="methodBelongToGroupG1" time="0.036" classname="com.GroupngsInTestNG.TestNGxmlForMethodsBelongtoMultipleGroupNames"/>
</testsuite> <!-- com.GroupngsInTestNG.TestNGxmlForMethodsBelongtoMultipleGroupNames -->
