<?xml version="1.0" encoding="UTF-8"?>
<!-- Generated by org.testng.reporters.JUnitReportReporter -->
<testsuite skipped="0" hostname="Agadia-04" name="com.DefaultPriority.PriorityAttributeExample" tests="4" failures="0" timestamp="23 Sep 2018 04:04:28 GMT" time="0.078" errors="0">
  <testcase name="negativePriority" time="0.031" classname="com.DefaultPriority.PriorityAttributeExample"/>
  <testcase name="zerothPriority" time="0.015" classname="com.DefaultPriority.PriorityAttributeExample"/>
  <testcase name="positivePriority" time="0.016" classname="com.DefaultPriority.PriorityAttributeExample"/>
  <testcase name="skippedPriority" time="0.016" classname="com.DefaultPriority.PriorityAttributeExample"/>
</testsuite> <!-- com.DefaultPriority.PriorityAttributeExample -->
