<?xml version="1.0" encoding="UTF-8"?>
<!-- Generated by org.testng.reporters.JUnitReportReporter -->
<testsuite skipped="0" hostname="Agadia-04" name="com.DefaultPriority.GamesOfPriority0" tests="3" failures="0" timestamp="23 Sep 2018 10:22:17 GMT" time="0.042" errors="0">
  <testcase name="testA1" time="0.033" classname="com.DefaultPriority.GamesOfPriority0"/>
  <testcase name="testA2" time="0.006" classname="com.DefaultPriority.GamesOfPriority0"/>
  <testcase name="testA3" time="0.003" classname="com.DefaultPriority.GamesOfPriority0"/>
</testsuite> <!-- com.DefaultPriority.GamesOfPriority0 -->
