<?xml version="1.0" encoding="UTF-8"?>
<!-- Generated by org.testng.reporters.JUnitReportReporter -->
<testsuite skipped="0" hostname="Agadia-04" name="com.DefaultPriority.DulpicateTestMethodPriorities" tests="4" failures="0" timestamp="23 Sep 2018 06:40:28 GMT" time="0.060" errors="0">
  <testcase name="mA" time="0.007" classname="com.DefaultPriority.DulpicateTestMethodPriorities"/>
  <testcase name="m_" time="0.007" classname="com.DefaultPriority.DulpicateTestMethodPriorities"/>
  <testcase name="m$" time="0.036" classname="com.DefaultPriority.DulpicateTestMethodPriorities"/>
  <testcase name="m4" time="0.010" classname="com.DefaultPriority.DulpicateTestMethodPriorities"/>
</testsuite> <!-- com.DefaultPriority.DulpicateTestMethodPriorities -->
