<?xml version="1.0" encoding="UTF-8"?>
<!-- Generated by org.testng.reporters.JUnitReportReporter -->
<testsuite skipped="0" hostname="Agadia-04" name="com.TestAnnotationPackage.SubClass" tests="5" failures="0" timestamp="30 Sep 2018 12:20:11 GMT" time="0.016" errors="0">
  <testcase name="m2" time="0.016" classname="com.TestAnnotationPackage.SubClass"/>
  <testcase name="m3" time="0.000" classname="com.TestAnnotationPackage.SubClass"/>
  <testcase name="subClassMethod2" time="0.000" classname="com.TestAnnotationPackage.SubClass"/>
  <testcase name="subClassMethod3" time="0.000" classname="com.TestAnnotationPackage.SubClass"/>
  <testcase name="subClassMethod1" time="0.000" classname="com.TestAnnotationPackage.SubClass"/>
</testsuite> <!-- com.TestAnnotationPackage.SubClass -->
