<?xml version="1.0" encoding="UTF-8"?>
<!-- Generated by org.testng.reporters.JUnitReportReporter -->
<testsuite skipped="0" hostname="Agadia-04" name="com.DefaultPriority.Priority" tests="7" failures="0" timestamp="22 Sep 2018 19:06:54 GMT" time="0.054" errors="0">
  <testcase name="Bangkok" time="0.006" classname="com.DefaultPriority.Priority"/>
  <testcase name="$Google" time="0.022" classname="com.DefaultPriority.Priority"/>
  <testcase name="Chennai" time="0.006" classname="com.DefaultPriority.Priority"/>
  <testcase name="_Google" time="0.007" classname="com.DefaultPriority.Priority"/>
  <testcase name="google" time="0.004" classname="com.DefaultPriority.Priority"/>
  <testcase name="Google" time="0.004" classname="com.DefaultPriority.Priority"/>
  <testcase name="Apple" time="0.005" classname="com.DefaultPriority.Priority"/>
</testsuite> <!-- com.DefaultPriority.Priority -->
