<?xml version="1.0" encoding="UTF-8"?>
<!-- Generated by org.testng.reporters.JUnitReportReporter -->
<testsuite skipped="0" hostname="Agadia-04" name="com.DefaultPriority.GamesOfPriority1" tests="3" failures="0" timestamp="23 Sep 2018 10:22:17 GMT" time="0.021" errors="0">
  <testcase name="testB1" time="0.009" classname="com.DefaultPriority.GamesOfPriority1"/>
  <testcase name="testB2" time="0.006" classname="com.DefaultPriority.GamesOfPriority1"/>
  <testcase name="testB3" time="0.006" classname="com.DefaultPriority.GamesOfPriority1"/>
</testsuite> <!-- com.DefaultPriority.GamesOfPriority1 -->
