<?xml version="1.0" encoding="UTF-8"?>
<!-- Generated by org.testng.reporters.JUnitReportReporter -->
<testsuite skipped="0" hostname="Agadia-04" name="com.GroupngsInTestNG.ConfigurationTestScript1" tests="1" failures="0" timestamp="29 Sep 2018 19:03:12 GMT" time="0.019" errors="0">
  <testcase name="TestScriptMethod" time="0.019" classname="com.GroupngsInTestNG.ConfigurationTestScript1"/>
</testsuite> <!-- com.GroupngsInTestNG.ConfigurationTestScript1 -->
