<?xml version="1.0" encoding="UTF-8"?>
<!-- Generated by org.testng.reporters.JUnitReportReporter -->
<testsuite skipped="0" hostname="Agadia-04" name="com.GroupngsInTestNG.ATestNGClassContainingMultipleTestMethodsBelongingToMultipleGroups" tests="4" failures="0" timestamp="30 Sep 2018 17:34:45 GMT" time="0.072" errors="0">
  <testcase name="MethodBelongsToGroupG1G3" time="0.004" classname="com.GroupngsInTestNG.ATestNGClassContainingMultipleTestMethodsBelongingToMultipleGroups"/>
  <testcase name="MethodBelongsToGroupsG1" time="0.004" classname="com.GroupngsInTestNG.ATestNGClassContainingMultipleTestMethodsBelongingToMultipleGroups"/>
  <testcase name="MethodBelongsToG1G2G3" time="0.033" classname="com.GroupngsInTestNG.ATestNGClassContainingMultipleTestMethodsBelongingToMultipleGroups"/>
  <testcase name="MethodsBelongToG1G2" time="0.031" classname="com.GroupngsInTestNG.ATestNGClassContainingMultipleTestMethodsBelongingToMultipleGroups"/>
</testsuite> <!-- com.GroupngsInTestNG.ATestNGClassContainingMultipleTestMethodsBelongingToMultipleGroups -->
