<?xml version="1.0" encoding="UTF-8"?>
<!-- Generated by org.testng.reporters.JUnitReportReporter -->
<testsuite skipped="0" hostname="Agadia-04" name="com.TestAnnotationPackage.TestExample1" tests="2" failures="0" timestamp="22 Sep 2018 03:32:30 GMT" time="0.030" errors="0">
  <testcase name="m3" time="0.008" classname="com.TestAnnotationPackage.TestExample1"/>
  <testcase name="m2" time="0.022" classname="com.TestAnnotationPackage.TestExample1"/>
</testsuite> <!-- com.TestAnnotationPackage.TestExample1 -->
