<?xml version="1.0" encoding="UTF-8"?>
<!-- Generated by org.testng.reporters.JUnitReportReporter -->
<testsuite skipped="0" hostname="Agadia-04" name="com.TestAnnotationPackage.TestAnnotationInParentClass" tests="2" failures="0" timestamp="30 Sep 2018 12:33:51 GMT" time="0.015" errors="0">
  <testcase name="method1" time="0.015" classname="com.TestAnnotationPackage.TestAnnotationInParentClass"/>
  <testcase name="method4" time="0.000" classname="com.TestAnnotationPackage.TestAnnotationInParentClass"/>
</testsuite> <!-- com.TestAnnotationPackage.TestAnnotationInParentClass -->
