<?xml version="1.0" encoding="UTF-8"?>
<!-- Generated by org.testng.reporters.JUnitReportReporter -->
<testsuite skipped="0" hostname="Agadia-04" name="com.conceptsOfTestNG.SampleTestNG0" tests="1" failures="0" timestamp="21 Sep 2018 02:09:30 GMT" time="0.016" errors="0">
  <testcase name="verifyString" time="0.016" classname="com.conceptsOfTestNG.SampleTestNG0"/>
</testsuite> <!-- com.conceptsOfTestNG.SampleTestNG0 -->
