<?xml version="1.0" encoding="UTF-8"?>
<!-- Generated by org.testng.reporters.JUnitReportReporter -->
<testsuite skipped="0" hostname="Agadia-04" name="com.InheritanceInTestNG.IheritanceConceptClass1" tests="2" failures="0" timestamp="22 Sep 2018 04:13:16 GMT" time="0.016" errors="0">
  <testcase name="subTestNGMethod" time="0.016" classname="com.InheritanceInTestNG.IheritanceConceptClass1"/>
  <testcase name="superTestNGMethod" time="0.000" classname="com.InheritanceInTestNG.IheritanceConceptClass1"/>
</testsuite> <!-- com.InheritanceInTestNG.IheritanceConceptClass1 -->
