<?xml version="1.0" encoding="UTF-8"?>
<!-- Generated by org.testng.reporters.JUnitReportReporter -->
<testsuite skipped="0" hostname="Agadia-04" name="com.GroupngsInTestNG.GroupingExample" tests="5" failures="0" timestamp="29 Sep 2018 17:33:22 GMT" time="0.056" errors="0">
  <testcase name="G1Method1" time="0.028" classname="com.GroupngsInTestNG.GroupingExample"/>
  <testcase name="G2Method1" time="0.008" classname="com.GroupngsInTestNG.GroupingExample"/>
  <testcase name="G1Method2" time="0.012" classname="com.GroupngsInTestNG.GroupingExample"/>
  <testcase name="G2Method2" time="0.004" classname="com.GroupngsInTestNG.GroupingExample"/>
  <testcase name="G1Method3" time="0.004" classname="com.GroupngsInTestNG.GroupingExample"/>
</testsuite> <!-- com.GroupngsInTestNG.GroupingExample -->
