<?xml version="1.0" encoding="UTF-8"?>
<!-- Generated by org.testng.reporters.JUnitReportReporter -->
<testsuite skipped="0" hostname="Agadia-04" name="com.TestAnnotationPackage.TestAnnotationAtClassLevel" tests="2" failures="0" timestamp="30 Sep 2018 12:20:11 GMT" time="0.016" errors="0">
  <testcase name="m3" time="0.000" classname="com.TestAnnotationPackage.TestAnnotationAtClassLevel"/>
  <testcase name="m2" time="0.016" classname="com.TestAnnotationPackage.TestAnnotationAtClassLevel"/>
</testsuite> <!-- com.TestAnnotationPackage.TestAnnotationAtClassLevel -->
