<?xml version="1.0" encoding="UTF-8"?>
<!-- Generated by org.testng.reporters.JUnitReportReporter -->
<testsuite skipped="0" hostname="Agadia-04" name="com.GroupngsInTestNG.GroupsAnnotationsAtClassLevel" tests="3" failures="0" timestamp="30 Sep 2018 12:53:28 GMT" time="0.041" errors="0">
  <testcase name="G1Method2" time="0.006" classname="com.GroupngsInTestNG.GroupsAnnotationsAtClassLevel"/>
  <testcase name="G1Method3" time="0.004" classname="com.GroupngsInTestNG.GroupsAnnotationsAtClassLevel"/>
  <testcase name="G1Method1" time="0.031" classname="com.GroupngsInTestNG.GroupsAnnotationsAtClassLevel"/>
</testsuite> <!-- com.GroupngsInTestNG.GroupsAnnotationsAtClassLevel -->
