<?xml version="1.0" encoding="UTF-8"?>
<!-- Generated by org.testng.reporters.JUnitReportReporter -->
<testsuite skipped="0" hostname="Agadia-04" name="com.DefaultPriority.MixedPriority" tests="4" failures="0" timestamp="23 Sep 2018 06:23:15 GMT" time="0.045" errors="0">
  <testcase name="m1withpriority" time="0.029" classname="com.DefaultPriority.MixedPriority"/>
  <testcase name="disPrintMethodWithoutPriority" time="0.005" classname="com.DefaultPriority.MixedPriority"/>
  <testcase name="mehodWithoutPriority" time="0.007" classname="com.DefaultPriority.MixedPriority"/>
  <testcase name="m4WithPriority" time="0.004" classname="com.DefaultPriority.MixedPriority"/>
</testsuite> <!-- com.DefaultPriority.MixedPriority -->
