<?xml version="1.0" encoding="UTF-8"?>
<!-- Generated by org.testng.reporters.JUnitReportReporter -->
<testsuite skipped="0" hostname="Agadia-04" name="com.qa.pahub.CreateLangPrefEOC" tests="1" failures="0" timestamp="11 Jul 2018 11:09:34 GMT" time="86.481" errors="0">
  <testcase name="createEOCTest" time="86.481" classname="com.qa.pahub.CreateLangPrefEOC"/>
</testsuite> <!-- com.qa.pahub.CreateLangPrefEOC -->
