<?xml version="1.0" encoding="UTF-8"?>
<!-- Generated by org.testng.reporters.JUnitReportReporter -->
<testsuite skipped="0" hostname="Agadia-04" name="com.qa.pahub.PahubQueueManagerViewButton" tests="1" failures="0" timestamp="23 Aug 2018 06:59:15 GMT" time="119.941" errors="0">
  <testcase name="test" time="119.941" classname="com.qa.pahub.PahubQueueManagerViewButton"/>
</testsuite> <!-- com.qa.pahub.PahubQueueManagerViewButton -->
