<?xml version="1.0" encoding="UTF-8"?>
<!-- Generated by org.testng.reporters.JUnitReportReporter -->
<testsuite skipped="0" hostname="Agadia-04" name="com.qa.pahub.DropDown" tests="1" failures="0" timestamp="12 Jun 2018 03:14:53 GMT" time="18.438" errors="0">
  <testcase name="dropDownTest" time="18.438" classname="com.qa.pahub.DropDown"/>
</testsuite> <!-- com.qa.pahub.DropDown -->
