<?xml version="1.0" encoding="UTF-8"?>
<!-- Generated by org.testng.reporters.JUnitReportReporter -->
<testsuite skipped="0" hostname="Agadia-04" name="com.qa.pahub.PahubQueueManager" tests="1" failures="0" timestamp="27 Jun 2018 18:26:14 GMT" time="177.344" errors="0">
  <testcase name="test" time="177.344" classname="com.qa.pahub.PahubQueueManager"/>
</testsuite> <!-- com.qa.pahub.PahubQueueManager -->
