<?xml version="1.0" encoding="UTF-8"?>
<!-- Generated by org.testng.reporters.JUnitReportReporter -->
<testsuite skipped="0" hostname="Agadia-04" name="com.qa.pahub.TwitterHomePage" tests="2" failures="0" timestamp="15 Jun 2018 10:34:47 GMT" time="9.112" errors="0">
  <testcase name="loginToTwitter" time="2.382" classname="com.qa.pahub.TwitterHomePage"/>
  <testcase name="TwitterHomePageTest" time="6.730" classname="com.qa.pahub.TwitterHomePage"/>
</testsuite> <!-- com.qa.pahub.TwitterHomePage -->
