<?xml version="1.0" encoding="UTF-8"?>
<!-- Generated by org.testng.reporters.JUnitReportReporter -->
<testsuite skipped="0" hostname="Agadia-04" name="com.qa.pahub.MagellanCreateEOCTest" tests="1" failures="0" timestamp="23 Jul 2018 13:13:31 GMT" time="56.846" errors="0">
  <testcase name="createEOCTest" time="56.846" classname="com.qa.pahub.MagellanCreateEOCTest"/>
</testsuite> <!-- com.qa.pahub.MagellanCreateEOCTest -->
