<?xml version="1.0" encoding="UTF-8"?>
<!-- Generated by org.testng.reporters.JUnitReportReporter -->
<testsuite skipped="0" hostname="Agadia-04" name="com.TestNgpackage2.GroupingExampleFromP2" tests="1" failures="0" timestamp="04 Oct 2018 02:27:13 GMT" time="0.006" errors="0">
  <testcase name="G1FromP2" time="0.006" classname="com.TestNgpackage2.GroupingExampleFromP2"/>
</testsuite> <!-- com.TestNgpackage2.GroupingExampleFromP2 -->
