<?xml version="1.0" encoding="UTF-8"?>
<!-- Generated by org.testng.reporters.JUnitReportReporter -->
<testsuite skipped="0" hostname="Agadia-04" name="com.TestNgpackage1.GroupingExampleFromP1" tests="1" failures="0" timestamp="04 Oct 2018 02:27:13 GMT" time="0.040" errors="0">
  <testcase name="G1FromP1" time="0.040" classname="com.TestNgpackage1.GroupingExampleFromP1"/>
</testsuite> <!-- com.TestNgpackage1.GroupingExampleFromP1 -->
