<?xml version="1.0" encoding="UTF-8"?>
<!-- Generated by org.testng.reporters.JUnitReportReporter -->
<testsuite skipped="0" hostname="Agadia-04" name="com.GroupsOfGroups.GroupsOfGroups" tests="3" failures="0" timestamp="04 Oct 2018 03:26:22 GMT" time="0.032" errors="0">
  <testcase name="mod6" time="0.000" classname="com.GroupsOfGroups.GroupsOfGroups"/>
  <testcase name="mod4" time="0.032" classname="com.GroupsOfGroups.GroupsOfGroups"/>
  <testcase name="mod5" time="0.000" classname="com.GroupsOfGroups.GroupsOfGroups"/>
</testsuite> <!-- com.GroupsOfGroups.GroupsOfGroups -->
